Copyright 1986-2020 Xilinx, Inc. All Rights Reserved.
------------------------------------------------------------------------------------
| Tool Version : Vivado v.2020.2 (win64) Build 3064766 Wed Nov 18 09:12:45 MST 2020
| Date         : Wed Apr 17 14:53:08 2024
| Host         : PC-626 running 64-bit major release  (build 9200)
| Command      : report_control_sets -verbose -file top_control_sets_placed.rpt
| Design       : top
| Device       : xc7a50ti
------------------------------------------------------------------------------------

Control Set Information

Table of Contents
-----------------
1. Summary
2. Histogram
3. Flip-Flop Distribution
4. Detailed Control Set Information

1. Summary
----------

+----------------------------------------------------------+-------+
|                          Status                          | Count |
+----------------------------------------------------------+-------+
| Total control sets                                       |     7 |
|    Minimum number of control sets                        |     7 |
|    Addition due to synthesis replication                 |     0 |
|    Addition due to physical synthesis replication        |     0 |
| Unused register locations in slices containing registers |    36 |
+----------------------------------------------------------+-------+
* Control sets can be merged at opt_design using control_set_merge or merge_equivalent_drivers
** Run report_qor_suggestions for automated merging and remapping suggestions


2. Histogram
------------

+--------------------+-------+
|       Fanout       | Count |
+--------------------+-------+
| Total control sets |     7 |
| >= 0 to < 4        |     2 |
| >= 4 to < 6        |     1 |
| >= 6 to < 8        |     1 |
| >= 8 to < 10       |     0 |
| >= 10 to < 12      |     0 |
| >= 12 to < 14      |     0 |
| >= 14 to < 16      |     0 |
| >= 16              |     3 |
+--------------------+-------+
* Control sets can be remapped at either synth_design or opt_design


3. Flip-Flop Distribution
-------------------------

+--------------+-----------------------+------------------------+-----------------+--------------+
| Clock Enable | Synchronous Set/Reset | Asynchronous Set/Reset | Total Registers | Total Slices |
+--------------+-----------------------+------------------------+-----------------+--------------+
| No           | No                    | No                     |               6 |            4 |
| No           | No                    | Yes                    |              33 |           15 |
| No           | Yes                   | No                     |              45 |           14 |
| Yes          | No                    | No                     |               0 |            0 |
| Yes          | No                    | Yes                    |               0 |            0 |
| Yes          | Yes                   | No                     |               0 |            0 |
+--------------+-----------------------+------------------------+-----------------+--------------+


4. Detailed Control Set Information
-----------------------------------

+----------------------+---------------+--------------------------------------------+------------------+----------------+--------------+
|     Clock Signal     | Enable Signal |              Set/Reset Signal              | Slice Load Count | Bel Load Count | Bels / Slice |
+----------------------+---------------+--------------------------------------------+------------------+----------------+--------------+
|  duty_reg[3]_i_2_n_0 |               | driver_seg/SW[7]                           |                1 |              2 |         2.00 |
|  duty_reg[2]_i_2_n_0 |               | SW_IBUF[7]                                 |                1 |              2 |         2.00 |
|  CLK100MHZ_IBUF_BUFG |               | BTNC_IBUF                                  |                2 |              4 |         2.00 |
|  CLK100MHZ_IBUF_BUFG |               |                                            |                4 |              6 |         1.50 |
|  CLK100MHZ_IBUF_BUFG |               | pwm_clocks/sig_count[0]_i_1_n_0            |                5 |             18 |         3.60 |
|  CLK100MHZ_IBUF_BUFG |               | driver_seg/clk_en0/sig_count[0]_i_1__0_n_0 |                5 |             19 |         3.80 |
|  pulse               |               | BTNC_IBUF                                  |               15 |             33 |         2.20 |
+----------------------+---------------+--------------------------------------------+------------------+----------------+--------------+


